<?xml version="1.0" encoding="UTF-8"?>
<!-- Generated by org.testng.reporters.JUnitXMLReporter -->
<testsuite ignored="2" hostname="WINDOWS-SBM5E6C" failures="0" tests="6" name="Test" time="62.974" errors="0" timestamp="2022-04-27T08:04:01 IST">
  <testcase classname="Uibank_Uipath.LoginActions_Caller" name="LoignAcrtionsCaller" time="6.797"/>
  <testcase classname="Uibank_Uipath.Uipath_Login_TestCase" name="loginForExcelData" time="9.909"/>
  <testcase classname="Uibank_Uipath.Uipath_Login_TestCase" name="loginForExcelData" time="10.735"/>
  <testcase classname="Uibank_Uipath.Uipath_Login_TestCase" name="loginForExcelData" time="0.003"/>
  <testcase classname="Uibank_Uipath.Uipath_Login_TestCase" name="loginForExcelData" time="0.002"/>
  <testcase classname="Uibank_Uipath.Uipath_Login_TestCase" name="loginForExcelData" time="0.002"/>
  <testcase classname="com.magnitia.Batch29_BaseClass.BaseClass" name="@BeforeSuite intiliaseFiles" time="0.0">
    <ignored/>
  </testcase> <!-- @BeforeSuite intiliaseFiles -->
  <testcase classname="com.magnitia.Batch29_BaseClass.BaseClass" name="@AfterTest FLushReports" time="0.0">
    <ignored/>
  </testcase> <!-- @AfterTest FLushReports -->
</testsuite> <!-- Test -->
